<?xml version="1.0" encoding="UTF-8"?>
<testng-results skipped="0" failed="0" total="1" passed="1">
  <reporter-output>
  </reporter-output>
  <suite name="Default suite" duration-ms="10046" started-at="2016-08-04T05:03:30Z" finished-at="2016-08-04T05:03:40Z">
    <groups>
    </groups>
    <test name="Default test" duration-ms="10046" started-at="2016-08-04T05:03:30Z" finished-at="2016-08-04T05:03:40Z">
      <class name="com.stockacc.pom.Logintc">
        <test-method status="PASS" signature="login()[pri:0, instance:com.stockacc.pom.Logintc@3fb1549b]" name="login" duration-ms="9915" started-at="2016-08-04T10:33:30Z" finished-at="2016-08-04T10:33:40Z">
          <reporter-output>
          </reporter-output>
        </test-method> <!-- login -->
      </class> <!-- com.stockacc.pom.Logintc -->
    </test> <!-- Default test -->
  </suite> <!-- Default suite -->
</testng-results>
